<?xml version="1.0" encoding="UTF-8"?>
<!-- Generated by org.testng.reporters.JUnitReportReporter -->
<testsuite skipped="0" hostname="LAPTOP-957TLD2B" name="TestNGmodule.TestNG.TestNGtestcases" tests="1" failures="0" timestamp="2021-11-17T14:21:29 IST" time="7.018" errors="0">
  <testcase name="validatepagetitle" time="7.018" classname="TestNGmodule.TestNG.TestNGtestcases"/>
  <system-out/>
</testsuite> <!-- TestNGmodule.TestNG.TestNGtestcases -->
