<?xml version="1.0" encoding="UTF-8"?>
<!-- Generated by org.testng.reporters.JUnitReportReporter -->
<testsuite skipped="0" hostname="LAPTOP-957TLD2B" name="TestNGmodule.TestNG.TestNGDemo" tests="3" failures="0" timestamp="2021-11-17T11:56:59 IST" time="0.017" errors="0">
  <testcase name="password" time="0.013" classname="TestNGmodule.TestNG.TestNGDemo"/>
  <system-out/>
  <testcase name="homepagevalidation" time="0.002" classname="TestNGmodule.TestNG.TestNGDemo"/>
  <system-out/>
  <testcase name="login" time="0.002" classname="TestNGmodule.TestNG.TestNGDemo"/>
  <system-out/>
</testsuite> <!-- TestNGmodule.TestNG.TestNGDemo -->
