<?xml version="1.0" encoding="UTF-8"?>
<!-- Generated by org.testng.reporters.JUnitReportReporter -->
<testsuite skipped="5" hostname="LAPTOP-957TLD2B" name="TestNGmodule.TestNG.CodilityPractice1" tests="6" failures="0" timestamp="2021-11-18T21:56:00 IST" time="14.297" errors="0">
  <testcase name="chkBox" time="14.297" classname="TestNGmodule.TestNG.CodilityPractice1"/>
  <system-out/>
  <testcase name="validateTitle" classname="TestNGmodule.TestNG.CodilityPractice1">
    <skipped/>
  </testcase> <!-- validateTitle -->
  <system-out/>
  <testcase name="resultP" classname="TestNGmodule.TestNG.CodilityPractice1">
    <skipped/>
  </testcase> <!-- resultP -->
  <system-out/>
  <testcase name="usernameDisplay" classname="TestNGmodule.TestNG.CodilityPractice1">
    <skipped/>
  </testcase> <!-- usernameDisplay -->
  <system-out/>
  <testcase name="result" classname="TestNGmodule.TestNG.CodilityPractice1">
    <skipped/>
  </testcase> <!-- result -->
  <system-out/>
  <testcase name="vLoginPanel" classname="TestNGmodule.TestNG.CodilityPractice1">
    <skipped/>
  </testcase> <!-- vLoginPanel -->
  <system-out/>
</testsuite> <!-- TestNGmodule.TestNG.CodilityPractice1 -->
